<?xml version="1.0" encoding="UTF-8"?>
<!-- Generated by org.testng.reporters.JUnitReportReporter -->
<testsuite hostname="DESKTOP-D9IO8BK" failures="0" tests="1" name="test.ProkabaddiTest" time="10.600" errors="0" timestamp="2023-09-30T12:14:07 IST" skipped="0">
  <testcase classname="test.ProkabaddiTest" name="prokabaddiTest" time="10.600"/>
</testsuite> <!-- test.ProkabaddiTest -->
