<?xml version="1.0" encoding="UTF-8"?>
<!-- Generated by org.testng.reporters.JUnitReportReporter -->
<testsuite hostname="DESKTOP-D9IO8BK" failures="0" tests="3" name="testNG.DataFromExcel" time="0.011" errors="0" timestamp="2023-10-01T19:47:41 IST" skipped="0">
  <testcase classname="testNG.DataFromExcel" name="Test" time="0.007"/>
  <testcase classname="testNG.DataFromExcel" name="Test" time="0.002"/>
  <testcase classname="testNG.DataFromExcel" name="Test" time="0.002"/>
</testsuite> <!-- testNG.DataFromExcel -->
