<?xml version="1.0" encoding="UTF-8"?>
<!-- Generated by org.testng.reporters.JUnitReportReporter -->
<testsuite hostname="DESKTOP-D9IO8BK" failures="0" tests="3" name="testNG.DPExecutionTest" time="0.012" errors="0" timestamp="2023-09-25T16:01:22 IST" skipped="0">
  <testcase classname="testNG.DPExecutionTest" name="getData" time="0.008"/>
  <testcase classname="testNG.DPExecutionTest" name="getData" time="0.002"/>
  <testcase classname="testNG.DPExecutionTest" name="getData" time="0.002"/>
</testsuite> <!-- testNG.DPExecutionTest -->
