<?xml version="1.0" encoding="UTF-8"?>
<!-- Generated by org.testng.reporters.JUnitReportReporter -->
<testsuite hostname="DESKTOP-D9IO8BK" failures="0" tests="1" name="test.JenkinsTest" time="0.013" errors="0" timestamp="2023-09-30T17:01:31 IST" skipped="0">
  <testcase classname="test.JenkinsTest" name="jenkinsTest" time="0.013"/>
</testsuite> <!-- test.JenkinsTest -->
