<?xml version="1.0" encoding="UTF-8"?>
<!-- Generated by org.testng.reporters.JUnitReportReporter -->
<testsuite hostname="DESKTOP-D9IO8BK" failures="0" tests="1" name="testNG.Demo" time="0.009" errors="0" timestamp="2023-09-30T15:11:02 IST" skipped="0">
  <testcase classname="testNG.Demo" name="demo" time="0.009"/>
</testsuite> <!-- testNG.Demo -->
