<?xml version="1.0" encoding="UTF-8"?>
<!-- Generated by org.testng.reporters.JUnitReportReporter -->
<testsuite hostname="DESKTOP-D9IO8BK" failures="0" tests="1" name="testNG.SoftAssertTest" time="4.106" errors="0" timestamp="2023-09-20T13:09:05 IST" skipped="0">
  <testcase classname="testNG.SoftAssertTest" name="softassert" time="4.106"/>
</testsuite> <!-- testNG.SoftAssertTest -->
