<?xml version="1.0" encoding="UTF-8"?>
<!-- Generated by org.testng.reporters.JUnitReportReporter -->
<testsuite hostname="DESKTOP-D9IO8BK" failures="0" tests="1" name="jenkinsPractice.TrailTest" time="0.011" errors="0" timestamp="2023-09-30T15:49:53 IST" skipped="0">
  <testcase classname="jenkinsPractice.TrailTest" name="trailTest" time="0.011"/>
</testsuite> <!-- jenkinsPractice.TrailTest -->
