<?xml version="1.0" encoding="UTF-8"?>
<!-- Generated by org.testng.reporters.JUnitReportReporter -->
<testsuite hostname="DESKTOP-D9IO8BK" failures="0" tests="1" name="testNG.AnnotationsTest" time="0.012" errors="0" timestamp="2023-09-15T16:10:22 IST" skipped="0">
  <testcase classname="testNG.AnnotationsTest" name="testScript" time="0.012"/>
</testsuite> <!-- testNG.AnnotationsTest -->
