<?xml version="1.0" encoding="UTF-8"?>
<!-- Generated by org.testng.reporters.JUnitReportReporter -->
<testsuite hostname="DESKTOP-D9IO8BK" failures="0" tests="1" name="practice.ReadDataFromCmdTest" time="4.262" errors="0" timestamp="2023-09-06T15:13:26 IST" skipped="0">
  <testcase classname="practice.ReadDataFromCmdTest" name="cmdTest" time="4.262"/>
  <system-out/>
</testsuite> <!-- practice.ReadDataFromCmdTest -->
