<?xml version="1.0" encoding="UTF-8"?>
<!-- Generated by org.testng.reporters.JUnitReportReporter -->
<testsuite hostname="DESKTOP-D9IO8BK" failures="0" tests="3" name="testNG.DataFromExcel" time="0.014" errors="0" timestamp="2023-09-15T13:51:03 IST" skipped="0">
  <testcase classname="testNG.DataFromExcel" name="Test" time="0.002"/>
  <system-out/>
  <testcase classname="testNG.DataFromExcel" name="Test" time="0.003"/>
  <system-out/>
  <testcase classname="testNG.DataFromExcel" name="Test" time="0.009"/>
  <system-out/>
</testsuite> <!-- testNG.DataFromExcel -->
