<?xml version="1.0" encoding="UTF-8"?>
<!-- Generated by org.testng.reporters.JUnitReportReporter -->
<testsuite hostname="DESKTOP-D9IO8BK" failures="0" tests="1" name="testNG.DemoTest" time="0.009" errors="0" timestamp="2023-09-30T15:12:55 IST" skipped="0">
  <testcase classname="testNG.DemoTest" name="demoTest" time="0.009"/>
</testsuite> <!-- testNG.DemoTest -->
