<?xml version="1.0" encoding="UTF-8"?>
<!-- Generated by org.testng.reporters.JUnitReportReporter -->
<testsuite hostname="DESKTOP-D9IO8BK" failures="0" tests="2" name="testNG.HardAssertTest" time="0.011" errors="0" timestamp="2023-09-21T17:26:45 IST" skipped="0">
  <testcase classname="testNG.HardAssertTest" name="hadrAssert" time="0.011"/>
  <system-out/>
  <testcase classname="testNG.HardAssertTest" name="hardAssert" time="0.000"/>
  <system-out/>
</testsuite> <!-- testNG.HardAssertTest -->
