<?xml version="1.0" encoding="UTF-8"?>
<!-- Generated by org.testng.reporters.JUnitReportReporter -->
<testsuite hostname="DESKTOP-D9IO8BK" failures="0" tests="1" name="testNG.AnnotationsTest" time="0.006" errors="0" timestamp="2023-09-21T17:26:45 IST" skipped="0">
  <testcase classname="testNG.AnnotationsTest" name="testScript" time="0.006"/>
  <system-out/>
</testsuite> <!-- testNG.AnnotationsTest -->
