<?xml version="1.0" encoding="UTF-8"?>
<!-- Generated by org.testng.reporters.JUnitReportReporter -->
<testsuite hostname="DESKTOP-D9IO8BK" failures="0" tests="1" name="testNG.SoftAssertTest" time="2.901" errors="0" timestamp="2023-09-21T17:26:45 IST" skipped="0">
  <testcase classname="testNG.SoftAssertTest" name="softassert" time="2.901"/>
  <system-out/>
</testsuite> <!-- testNG.SoftAssertTest -->
