<?xml version="1.0" encoding="UTF-8"?>
<!-- Generated by org.testng.reporters.JUnitReportReporter -->
<testsuite hostname="DESKTOP-D9IO8BK" failures="0" tests="3" name="testNG.DPExecutionTest" time="0.004" errors="0" timestamp="2023-09-21T17:26:45 IST" skipped="0">
  <testcase classname="testNG.DPExecutionTest" name="getData" time="0.000"/>
  <system-out/>
  <testcase classname="testNG.DPExecutionTest" name="getData" time="0.002"/>
  <system-out/>
  <testcase classname="testNG.DPExecutionTest" name="getData" time="0.002"/>
  <system-out/>
</testsuite> <!-- testNG.DPExecutionTest -->
